nohup: ignoring input
2021-01-28 18:31:03.311968: I tensorflow_serving/model_servers/server.cc:88] Building single TensorFlow model file config:  model_name: Alameda model_base_path: /home/jesse/dsir-1116/projects/COVID-19-vaccinations/jesse/county_models/
2021-01-28 18:31:03.312206: I tensorflow_serving/model_servers/server_core.cc:464] Adding/updating models.
2021-01-28 18:31:03.312231: I tensorflow_serving/model_servers/server_core.cc:587]  (Re-)adding model: Alameda
2021-01-28 18:31:03.313151: W tensorflow_serving/sources/storage_path/file_system_storage_path_source.cc:267] No versions of servable Alameda found under base path /home/jesse/dsir-1116/projects/COVID-19-vaccinations/jesse/county_models/. Did you forget to name your leaf directory as a number (eg. '/1/')?
2021-01-28 18:31:04.313249: W tensorflow_serving/sources/storage_path/file_system_storage_path_source.cc:267] No versions of servable Alameda found under base path /home/jesse/dsir-1116/projects/COVID-19-vaccinations/jesse/county_models/. Did you forget to name your leaf directory as a number (eg. '/1/')?
2021-01-28 18:31:05.313356: W tensorflow_serving/sources/storage_path/file_system_storage_path_source.cc:267] No versions of servable Alameda found under base path /home/jesse/dsir-1116/projects/COVID-19-vaccinations/jesse/county_models/. Did you forget to name your leaf directory as a number (eg. '/1/')?
2021-01-28 18:31:06.313528: W tensorflow_serving/sources/storage_path/file_system_storage_path_source.cc:267] No versions of servable Alameda found under base path /home/jesse/dsir-1116/projects/COVID-19-vaccinations/jesse/county_models/. Did you forget to name your leaf directory as a number (eg. '/1/')?
2021-01-28 18:31:07.313627: W tensorflow_serving/sources/storage_path/file_system_storage_path_source.cc:267] No versions of servable Alameda found under base path /home/jesse/dsir-1116/projects/COVID-19-vaccinations/jesse/county_models/. Did you forget to name your leaf directory as a number (eg. '/1/')?
2021-01-28 18:31:08.313737: W tensorflow_serving/sources/storage_path/file_system_storage_path_source.cc:267] No versions of servable Alameda found under base path /home/jesse/dsir-1116/projects/COVID-19-vaccinations/jesse/county_models/. Did you forget to name your leaf directory as a number (eg. '/1/')?
2021-01-28 18:31:09.313879: W tensorflow_serving/sources/storage_path/file_system_storage_path_source.cc:267] No versions of servable Alameda found under base path /home/jesse/dsir-1116/projects/COVID-19-vaccinations/jesse/county_models/. Did you forget to name your leaf directory as a number (eg. '/1/')?
2021-01-28 18:31:10.313958: W tensorflow_serving/sources/storage_path/file_system_storage_path_source.cc:267] No versions of servable Alameda found under base path /home/jesse/dsir-1116/projects/COVID-19-vaccinations/jesse/county_models/. Did you forget to name your leaf directory as a number (eg. '/1/')?
2021-01-28 18:31:11.314085: W tensorflow_serving/sources/storage_path/file_system_storage_path_source.cc:267] No versions of servable Alameda found under base path /home/jesse/dsir-1116/projects/COVID-19-vaccinations/jesse/county_models/. Did you forget to name your leaf directory as a number (eg. '/1/')?
2021-01-28 18:31:12.314220: W tensorflow_serving/sources/storage_path/file_system_storage_path_source.cc:267] No versions of servable Alameda found under base path /home/jesse/dsir-1116/projects/COVID-19-vaccinations/jesse/county_models/. Did you forget to name your leaf directory as a number (eg. '/1/')?
2021-01-28 18:31:13.314339: W tensorflow_serving/sources/storage_path/file_system_storage_path_source.cc:267] No versions of servable Alameda found under base path /home/jesse/dsir-1116/projects/COVID-19-vaccinations/jesse/county_models/. Did you forget to name your leaf directory as a number (eg. '/1/')?
2021-01-28 18:31:14.314409: W tensorflow_serving/sources/storage_path/file_system_storage_path_source.cc:267] No versions of servable Alameda found under base path /home/jesse/dsir-1116/projects/COVID-19-vaccinations/jesse/county_models/. Did you forget to name your leaf directory as a number (eg. '/1/')?
2021-01-28 18:31:15.314516: W tensorflow_serving/sources/storage_path/file_system_storage_path_source.cc:267] No versions of servable Alameda found under base path /home/jesse/dsir-1116/projects/COVID-19-vaccinations/jesse/county_models/. Did you forget to name your leaf directory as a number (eg. '/1/')?
2021-01-28 18:31:16.314621: W tensorflow_serving/sources/storage_path/file_system_storage_path_source.cc:267] No versions of servable Alameda found under base path /home/jesse/dsir-1116/projects/COVID-19-vaccinations/jesse/county_models/. Did you forget to name your leaf directory as a number (eg. '/1/')?
2021-01-28 18:31:17.314696: W tensorflow_serving/sources/storage_path/file_system_storage_path_source.cc:267] No versions of servable Alameda found under base path /home/jesse/dsir-1116/projects/COVID-19-vaccinations/jesse/county_models/. Did you forget to name your leaf directory as a number (eg. '/1/')?
2021-01-28 18:31:18.314758: W tensorflow_serving/sources/storage_path/file_system_storage_path_source.cc:267] No versions of servable Alameda found under base path /home/jesse/dsir-1116/projects/COVID-19-vaccinations/jesse/county_models/. Did you forget to name your leaf directory as a number (eg. '/1/')?
2021-01-28 18:31:19.314880: W tensorflow_serving/sources/storage_path/file_system_storage_path_source.cc:267] No versions of servable Alameda found under base path /home/jesse/dsir-1116/projects/COVID-19-vaccinations/jesse/county_models/. Did you forget to name your leaf directory as a number (eg. '/1/')?
2021-01-28 18:31:20.314967: W tensorflow_serving/sources/storage_path/file_system_storage_path_source.cc:267] No versions of servable Alameda found under base path /home/jesse/dsir-1116/projects/COVID-19-vaccinations/jesse/county_models/. Did you forget to name your leaf directory as a number (eg. '/1/')?
2021-01-28 18:31:21.315095: W tensorflow_serving/sources/storage_path/file_system_storage_path_source.cc:267] No versions of servable Alameda found under base path /home/jesse/dsir-1116/projects/COVID-19-vaccinations/jesse/county_models/. Did you forget to name your leaf directory as a number (eg. '/1/')?
2021-01-28 18:31:22.315217: W tensorflow_serving/sources/storage_path/file_system_storage_path_source.cc:267] No versions of servable Alameda found under base path /home/jesse/dsir-1116/projects/COVID-19-vaccinations/jesse/county_models/. Did you forget to name your leaf directory as a number (eg. '/1/')?
2021-01-28 18:31:23.315245: W tensorflow_serving/sources/storage_path/file_system_storage_path_source.cc:267] No versions of servable Alameda found under base path /home/jesse/dsir-1116/projects/COVID-19-vaccinations/jesse/county_models/. Did you forget to name your leaf directory as a number (eg. '/1/')?
2021-01-28 18:31:24.315306: W tensorflow_serving/sources/storage_path/file_system_storage_path_source.cc:267] No versions of servable Alameda found under base path /home/jesse/dsir-1116/projects/COVID-19-vaccinations/jesse/county_models/. Did you forget to name your leaf directory as a number (eg. '/1/')?
2021-01-28 18:31:25.315410: W tensorflow_serving/sources/storage_path/file_system_storage_path_source.cc:267] No versions of servable Alameda found under base path /home/jesse/dsir-1116/projects/COVID-19-vaccinations/jesse/county_models/. Did you forget to name your leaf directory as a number (eg. '/1/')?
2021-01-28 18:31:26.315526: W tensorflow_serving/sources/storage_path/file_system_storage_path_source.cc:267] No versions of servable Alameda found under base path /home/jesse/dsir-1116/projects/COVID-19-vaccinations/jesse/county_models/. Did you forget to name your leaf directory as a number (eg. '/1/')?
2021-01-28 18:31:27.315650: W tensorflow_serving/sources/storage_path/file_system_storage_path_source.cc:267] No versions of servable Alameda found under base path /home/jesse/dsir-1116/projects/COVID-19-vaccinations/jesse/county_models/. Did you forget to name your leaf directory as a number (eg. '/1/')?
2021-01-28 18:31:28.315675: W tensorflow_serving/sources/storage_path/file_system_storage_path_source.cc:267] No versions of servable Alameda found under base path /home/jesse/dsir-1116/projects/COVID-19-vaccinations/jesse/county_models/. Did you forget to name your leaf directory as a number (eg. '/1/')?
2021-01-28 18:31:29.315834: W tensorflow_serving/sources/storage_path/file_system_storage_path_source.cc:267] No versions of servable Alameda found under base path /home/jesse/dsir-1116/projects/COVID-19-vaccinations/jesse/county_models/. Did you forget to name your leaf directory as a number (eg. '/1/')?
2021-01-28 18:31:30.315944: W tensorflow_serving/sources/storage_path/file_system_storage_path_source.cc:267] No versions of servable Alameda found under base path /home/jesse/dsir-1116/projects/COVID-19-vaccinations/jesse/county_models/. Did you forget to name your leaf directory as a number (eg. '/1/')?
2021-01-28 18:31:31.316078: W tensorflow_serving/sources/storage_path/file_system_storage_path_source.cc:267] No versions of servable Alameda found under base path /home/jesse/dsir-1116/projects/COVID-19-vaccinations/jesse/county_models/. Did you forget to name your leaf directory as a number (eg. '/1/')?
2021-01-28 18:31:32.316188: W tensorflow_serving/sources/storage_path/file_system_storage_path_source.cc:267] No versions of servable Alameda found under base path /home/jesse/dsir-1116/projects/COVID-19-vaccinations/jesse/county_models/. Did you forget to name your leaf directory as a number (eg. '/1/')?
2021-01-28 18:31:33.316308: W tensorflow_serving/sources/storage_path/file_system_storage_path_source.cc:267] No versions of servable Alameda found under base path /home/jesse/dsir-1116/projects/COVID-19-vaccinations/jesse/county_models/. Did you forget to name your leaf directory as a number (eg. '/1/')?
2021-01-28 18:31:34.316457: W tensorflow_serving/sources/storage_path/file_system_storage_path_source.cc:267] No versions of servable Alameda found under base path /home/jesse/dsir-1116/projects/COVID-19-vaccinations/jesse/county_models/. Did you forget to name your leaf directory as a number (eg. '/1/')?
2021-01-28 18:31:35.316545: W tensorflow_serving/sources/storage_path/file_system_storage_path_source.cc:267] No versions of servable Alameda found under base path /home/jesse/dsir-1116/projects/COVID-19-vaccinations/jesse/county_models/. Did you forget to name your leaf directory as a number (eg. '/1/')?
2021-01-28 18:31:36.316663: W tensorflow_serving/sources/storage_path/file_system_storage_path_source.cc:267] No versions of servable Alameda found under base path /home/jesse/dsir-1116/projects/COVID-19-vaccinations/jesse/county_models/. Did you forget to name your leaf directory as a number (eg. '/1/')?
2021-01-28 18:31:37.316757: W tensorflow_serving/sources/storage_path/file_system_storage_path_source.cc:267] No versions of servable Alameda found under base path /home/jesse/dsir-1116/projects/COVID-19-vaccinations/jesse/county_models/. Did you forget to name your leaf directory as a number (eg. '/1/')?
2021-01-28 18:31:38.316884: W tensorflow_serving/sources/storage_path/file_system_storage_path_source.cc:267] No versions of servable Alameda found under base path /home/jesse/dsir-1116/projects/COVID-19-vaccinations/jesse/county_models/. Did you forget to name your leaf directory as a number (eg. '/1/')?
2021-01-28 18:31:39.316983: W tensorflow_serving/sources/storage_path/file_system_storage_path_source.cc:267] No versions of servable Alameda found under base path /home/jesse/dsir-1116/projects/COVID-19-vaccinations/jesse/county_models/. Did you forget to name your leaf directory as a number (eg. '/1/')?
2021-01-28 18:31:40.317071: W tensorflow_serving/sources/storage_path/file_system_storage_path_source.cc:267] No versions of servable Alameda found under base path /home/jesse/dsir-1116/projects/COVID-19-vaccinations/jesse/county_models/. Did you forget to name your leaf directory as a number (eg. '/1/')?
2021-01-28 18:31:41.317175: W tensorflow_serving/sources/storage_path/file_system_storage_path_source.cc:267] No versions of servable Alameda found under base path /home/jesse/dsir-1116/projects/COVID-19-vaccinations/jesse/county_models/. Did you forget to name your leaf directory as a number (eg. '/1/')?
2021-01-28 18:31:42.317311: W tensorflow_serving/sources/storage_path/file_system_storage_path_source.cc:267] No versions of servable Alameda found under base path /home/jesse/dsir-1116/projects/COVID-19-vaccinations/jesse/county_models/. Did you forget to name your leaf directory as a number (eg. '/1/')?
2021-01-28 18:31:43.317429: W tensorflow_serving/sources/storage_path/file_system_storage_path_source.cc:267] No versions of servable Alameda found under base path /home/jesse/dsir-1116/projects/COVID-19-vaccinations/jesse/county_models/. Did you forget to name your leaf directory as a number (eg. '/1/')?
2021-01-28 18:31:44.317519: W tensorflow_serving/sources/storage_path/file_system_storage_path_source.cc:267] No versions of servable Alameda found under base path /home/jesse/dsir-1116/projects/COVID-19-vaccinations/jesse/county_models/. Did you forget to name your leaf directory as a number (eg. '/1/')?
2021-01-28 18:31:45.317603: W tensorflow_serving/sources/storage_path/file_system_storage_path_source.cc:267] No versions of servable Alameda found under base path /home/jesse/dsir-1116/projects/COVID-19-vaccinations/jesse/county_models/. Did you forget to name your leaf directory as a number (eg. '/1/')?
2021-01-28 18:31:46.317722: W tensorflow_serving/sources/storage_path/file_system_storage_path_source.cc:267] No versions of servable Alameda found under base path /home/jesse/dsir-1116/projects/COVID-19-vaccinations/jesse/county_models/. Did you forget to name your leaf directory as a number (eg. '/1/')?
2021-01-28 18:31:47.317809: W tensorflow_serving/sources/storage_path/file_system_storage_path_source.cc:267] No versions of servable Alameda found under base path /home/jesse/dsir-1116/projects/COVID-19-vaccinations/jesse/county_models/. Did you forget to name your leaf directory as a number (eg. '/1/')?
2021-01-28 18:31:48.318001: W tensorflow_serving/sources/storage_path/file_system_storage_path_source.cc:267] No versions of servable Alameda found under base path /home/jesse/dsir-1116/projects/COVID-19-vaccinations/jesse/county_models/. Did you forget to name your leaf directory as a number (eg. '/1/')?
2021-01-28 18:31:49.318117: W tensorflow_serving/sources/storage_path/file_system_storage_path_source.cc:267] No versions of servable Alameda found under base path /home/jesse/dsir-1116/projects/COVID-19-vaccinations/jesse/county_models/. Did you forget to name your leaf directory as a number (eg. '/1/')?
2021-01-28 18:31:50.318238: W tensorflow_serving/sources/storage_path/file_system_storage_path_source.cc:267] No versions of servable Alameda found under base path /home/jesse/dsir-1116/projects/COVID-19-vaccinations/jesse/county_models/. Did you forget to name your leaf directory as a number (eg. '/1/')?
2021-01-28 18:31:51.318364: W tensorflow_serving/sources/storage_path/file_system_storage_path_source.cc:267] No versions of servable Alameda found under base path /home/jesse/dsir-1116/projects/COVID-19-vaccinations/jesse/county_models/. Did you forget to name your leaf directory as a number (eg. '/1/')?
2021-01-28 18:31:52.318452: W tensorflow_serving/sources/storage_path/file_system_storage_path_source.cc:267] No versions of servable Alameda found under base path /home/jesse/dsir-1116/projects/COVID-19-vaccinations/jesse/county_models/. Did you forget to name your leaf directory as a number (eg. '/1/')?
2021-01-28 18:31:53.318558: W tensorflow_serving/sources/storage_path/file_system_storage_path_source.cc:267] No versions of servable Alameda found under base path /home/jesse/dsir-1116/projects/COVID-19-vaccinations/jesse/county_models/. Did you forget to name your leaf directory as a number (eg. '/1/')?
2021-01-28 18:31:54.318655: W tensorflow_serving/sources/storage_path/file_system_storage_path_source.cc:267] No versions of servable Alameda found under base path /home/jesse/dsir-1116/projects/COVID-19-vaccinations/jesse/county_models/. Did you forget to name your leaf directory as a number (eg. '/1/')?
2021-01-28 18:31:55.318756: W tensorflow_serving/sources/storage_path/file_system_storage_path_source.cc:267] No versions of servable Alameda found under base path /home/jesse/dsir-1116/projects/COVID-19-vaccinations/jesse/county_models/. Did you forget to name your leaf directory as a number (eg. '/1/')?
2021-01-28 18:31:56.318746: W tensorflow_serving/sources/storage_path/file_system_storage_path_source.cc:267] No versions of servable Alameda found under base path /home/jesse/dsir-1116/projects/COVID-19-vaccinations/jesse/county_models/. Did you forget to name your leaf directory as a number (eg. '/1/')?
2021-01-28 18:31:57.318871: W tensorflow_serving/sources/storage_path/file_system_storage_path_source.cc:267] No versions of servable Alameda found under base path /home/jesse/dsir-1116/projects/COVID-19-vaccinations/jesse/county_models/. Did you forget to name your leaf directory as a number (eg. '/1/')?
